[35m[Appium][39m Welcome to Appium v1.22.3
[35m[Appium][39m Non-default server args:
[35m[Appium][39m   port: 52927
[35m[Appium][39m   loglevel: info
[35m[Appium][39m   tmpDir: C:\Users\ASUS\AppData\Local\Temp\\Katalon\Appium\Temp1702213711597
[35m[Appium][39m   chromedriverPort: 52929
[35m[Appium][39m Deprecated server args:
[35m[Appium][39m   [31m--chromedriver-port[39m => --default-capabilities
[35m[Appium][39m Default capabilities, which will be added to each request unless overridden by desired capabilities:
[35m[Appium][39m   chromedriverPort: 52929
[35m[Appium][39m Appium REST http interface listener started on 0.0.0.0:52927
[35m[HTTP][39m [37m-->[39m [37mGET[39m [37m/wd/hub/status[39m
[35m[HTTP][39m [90m{}[39m
[35m[HTTP][39m [37m<-- GET /wd/hub/status [39m[32m200[39m [90m3 ms - 68[39m
[35m[HTTP][39m [90m[39m
[35m[HTTP][39m [37m-->[39m [37mGET[39m [37m/wd/hub/status[39m
[35m[HTTP][39m [90m{}[39m
[35m[HTTP][39m [37m<-- GET /wd/hub/status [39m[32m200[39m [90m1 ms - 68[39m
[35m[HTTP][39m [90m[39m
[35m[HTTP][39m [37m-->[39m [37mPOST[39m [37m/wd/hub/session[39m
[35m[HTTP][39m [90m{"desiredCapabilities":{"appActivity":".Settings","appPackage":"com.android.settings","newCommandTimeout":1800,"platformVersion":"13","automationName":"uiautomator2","autoGrantPermissions":true,"platformName":"Android","udid":"emulator-5554","deviceName":"emulator-5554 (sdk_gphone64_x86_64 - Android 13)","platform":"ANDROID","systemPort":8255},"capabilities":{"firstMatch":[{"appium:appActivity":".Settings","appium:appPackage":"com.android.settings","appium:autoGrantPermissions":true,"appium:automationName":"uiautomator2","appium:deviceName":"emulator-5554 (sdk_gphone64_x86_64 - Android 13)","appium:newCommandTimeout":1800,"platform":"ANDROID","platformName":"android","appium:platformVersion":"13","appium:systemPort":8255,"appium:udid":"emulator-5554"}]}}[39m
[35m[BaseDriver][39m The following capabilities are not standard capabilities and should have an extension prefix:
[35m[BaseDriver][39m   platform
[35m[BaseDriver][39m   chromedriverPort
[35m[Appium][39m Appium v1.22.3 creating new AndroidUiautomator2Driver (v1.70.1) session
[35m[BaseDriver][39m The following capabilities were provided, but are not recognized by Appium:
[35m[BaseDriver][39m   platform
[35m[BaseDriver][39m Session created with session id: af3eef1a-c9a1-4d18-a316-7d34c90dadac
[35m[UiAutomator2][39m Starting 'com.android.settings' directly on the device
[35m[ADB][39m Found 2 'build-tools' folders under 'C:\Users\ASUS\AppData\Local\Android\Sdk' (newest first):
[35m[ADB][39m     C:/Users/ASUS/AppData/Local/Android/Sdk/build-tools/34.0.0
[35m[ADB][39m     C:/Users/ASUS/AppData/Local/Android/Sdk/build-tools/30.0.3
[35m[ADB][39m Using 'adb.exe' from 'C:\Users\ASUS\AppData\Local\Android\Sdk\platform-tools\adb.exe'
[35m[AndroidDriver][39m Retrieving device list
[35m[AndroidDriver][39m Using device: emulator-5554
[35m[ADB][39m Using 'adb.exe' from 'C:\Users\ASUS\AppData\Local\Android\Sdk\platform-tools\adb.exe'
[35m[ADB][39m Getting device platform version
[35m[UiAutomator2][39m Relaxing hidden api policy
[35m[AndroidDriver][39m No app sent in, not parsing package/activity
[35m[ADB][39m Using 'apksigner.jar' from 'C:\Users\ASUS\AppData\Local\Android\Sdk\build-tools\34.0.0\lib\apksigner.jar'
[35m[ADB][39m 'C:\Users\ASUS\AppData\Roaming\npm\node_modules\appium\node_modules\appium-uiautomator2-server\apks\appium-uiautomator2-server-v4.27.0.apk' is signed with the default certificate
[35m[ADB][39m 'C:\Users\ASUS\AppData\Roaming\npm\node_modules\appium\node_modules\appium-uiautomator2-server\apks\appium-uiautomator2-server-debug-androidTest.apk' is signed with the default certificate
[35m[UiAutomator2][39m Server packages are not going to be (re)installed
[35m[ADB][39m Adding packages ["io.appium.settings","io.appium.uiautomator2.server","io.appium.uiautomator2.server.test"] to Doze whitelist
[35m[UiAutomator2][39m Starting UIAutomator2 server 4.27.0
[35m[UiAutomator2][39m Using UIAutomator2 server from 'C:\Users\ASUS\AppData\Roaming\npm\node_modules\appium\node_modules\appium-uiautomator2-server\apks\appium-uiautomator2-server-v4.27.0.apk' and test from 'C:\Users\ASUS\AppData\Roaming\npm\node_modules\appium\node_modules\appium-uiautomator2-server\apks\appium-uiautomator2-server-debug-androidTest.apk'
[35m[UiAutomator2][39m Waiting up to 30000ms for UiAutomator2 to be online...
[35m[WD Proxy][39m socket hang up
[35m[WD Proxy][39m socket hang up
[35m[WD Proxy][39m socket hang up
[35m[WD Proxy][39m socket hang up
[35m[WD Proxy][39m Determined the downstream protocol as 'W3C'
[35m[AndroidDriver][39m Screen already unlocked, doing nothing
[35m[UiAutomator2][39m Starting 'com.android.settings/.Settings and waiting for 'com.android.settings/.Settings'
[35m[Appium][39m New AndroidUiautomator2Driver session created successfully, session af3eef1a-c9a1-4d18-a316-7d34c90dadac added to master session list
[35m[HTTP][39m [37m<-- POST /wd/hub/session [39m[32m200[39m [90m20658 ms - 1195[39m
[35m[HTTP][39m [90m[39m
[35m[HTTP][39m [37m-->[39m [37mGET[39m [37m/wd/hub/session/af3eef1a-c9a1-4d18-a316-7d34c90dadac[39m
[35m[HTTP][39m [90m{}[39m
[35m[HTTP][39m [37m<-- GET /wd/hub/session/af3eef1a-c9a1-4d18-a316-7d34c90dadac [39m[32m200[39m [90m72 ms - 1149[39m
[35m[HTTP][39m [90m[39m
[35m[HTTP][39m [37m-->[39m [37mGET[39m [37m/wd/hub/session/af3eef1a-c9a1-4d18-a316-7d34c90dadac[39m
[35m[HTTP][39m [90m{}[39m
[35m[HTTP][39m [37m<-- GET /wd/hub/session/af3eef1a-c9a1-4d18-a316-7d34c90dadac [39m[32m200[39m [90m13 ms - 1149[39m
[35m[HTTP][39m [90m[39m
[35m[HTTP][39m [37m-->[39m [37mGET[39m [37m/wd/hub/status[39m
[35m[HTTP][39m [90m{}[39m
[35m[HTTP][39m [37m<-- GET /wd/hub/status [39m[32m200[39m [90m0 ms - 68[39m
[35m[HTTP][39m [90m[39m
[35m[HTTP][39m [37m-->[39m [37mPOST[39m [37m/wd/hub/session/af3eef1a-c9a1-4d18-a316-7d34c90dadac/timeouts[39m
[35m[HTTP][39m [90m{"implicit":60000}[39m
[35m[HTTP][39m [37m<-- POST /wd/hub/session/af3eef1a-c9a1-4d18-a316-7d34c90dadac/timeouts [39m[32m200[39m [90m2 ms - 14[39m
[35m[HTTP][39m [90m[39m
[35m[HTTP][39m [37m-->[39m [37mGET[39m [37m/wd/hub/session/af3eef1a-c9a1-4d18-a316-7d34c90dadac/screenshot[39m
[35m[HTTP][39m [90m{}[39m
[35m[HTTP][39m [37m<-- GET /wd/hub/session/af3eef1a-c9a1-4d18-a316-7d34c90dadac/screenshot [39m[32m200[39m [90m1584 ms - 197410[39m
[35m[HTTP][39m [90m[39m
[35m[HTTP][39m [37m-->[39m [37mGET[39m [37m/wd/hub/session/af3eef1a-c9a1-4d18-a316-7d34c90dadac/window/rect[39m
[35m[HTTP][39m [90m{}[39m
[35m[HTTP][39m [37m<-- GET /wd/hub/session/af3eef1a-c9a1-4d18-a316-7d34c90dadac/window/rect [39m[32m200[39m [90m29 ms - 50[39m
[35m[HTTP][39m [90m[39m
[35m[HTTP][39m [37m-->[39m [37mGET[39m [37m/wd/hub/session/af3eef1a-c9a1-4d18-a316-7d34c90dadac/appium/device/system_bars[39m
[35m[HTTP][39m [90m{}[39m
[35m[HTTP][39m [37m<-- GET /wd/hub/session/af3eef1a-c9a1-4d18-a316-7d34c90dadac/appium/device/system_bars [39m[32m200[39m [90m253 ms - 145[39m
[35m[HTTP][39m [90m[39m
[35m[HTTP][39m [37m-->[39m [37mPOST[39m [37m/wd/hub/session/af3eef1a-c9a1-4d18-a316-7d34c90dadac/appium/device/activate_app[39m
[35m[HTTP][39m [90m{"bundleId":"id.binar.fp.secondhand"}[39m
[35m[HTTP][39m [37m<-- POST /wd/hub/session/af3eef1a-c9a1-4d18-a316-7d34c90dadac/appium/device/activate_app [39m[32m200[39m [90m891 ms - 14[39m
[35m[HTTP][39m [90m[39m
[35m[HTTP][39m [37m-->[39m [37mGET[39m [37m/wd/hub/session/af3eef1a-c9a1-4d18-a316-7d34c90dadac/source[39m
[35m[HTTP][39m [90m{}[39m
[35m[W3C (af3eef1a)][39m Driver proxy active, passing request on via HTTP proxy
[35m[WD Proxy][39m Replacing sessionId ac76cdac-264d-44f1-b342-2deb125fc953 with af3eef1a-c9a1-4d18-a316-7d34c90dadac
[35m[HTTP][39m [37m<-- GET /wd/hub/session/af3eef1a-c9a1-4d18-a316-7d34c90dadac/source [39m[32m200[39m [90m2063 ms - 46074[39m
[35m[HTTP][39m [90m[39m
[35m[HTTP][39m [37m-->[39m [37mGET[39m [37m/wd/hub/session/af3eef1a-c9a1-4d18-a316-7d34c90dadac/screenshot[39m
[35m[HTTP][39m [90m{}[39m
[35m[HTTP][39m [37m<-- GET /wd/hub/session/af3eef1a-c9a1-4d18-a316-7d34c90dadac/screenshot [39m[32m200[39m [90m1009 ms - 1423058[39m
[35m[HTTP][39m [90m[39m
[35m[HTTP][39m [37m-->[39m [37mPOST[39m [37m/wd/hub/session/af3eef1a-c9a1-4d18-a316-7d34c90dadac/elements[39m
[35m[HTTP][39m [90m{"using":"xpath","value":"//*[@class = 'android.widget.ImageView' and @resource-id = 'id.binar.fp.secondhand:id/navigation_bar_item_icon_view' and (@text = '' or . = '')]"}[39m
[35m[HTTP][39m [37m<-- POST /wd/hub/session/af3eef1a-c9a1-4d18-a316-7d34c90dadac/elements [39m[32m200[39m [90m828 ms - 651[39m
[35m[HTTP][39m [90m[39m
[35m[HTTP][39m [37m-->[39m [37mPOST[39m [37m/wd/hub/session/af3eef1a-c9a1-4d18-a316-7d34c90dadac/elements[39m
[35m[HTTP][39m [90m{"using":"id","value":"id.binar.fp.secondhand:id/navigation_bar_item_icon_view"}[39m
[35m[HTTP][39m [37m<-- POST /wd/hub/session/af3eef1a-c9a1-4d18-a316-7d34c90dadac/elements [39m[32m200[39m [90m965 ms - 651[39m
[35m[HTTP][39m [90m[39m
[35m[HTTP][39m [37m-->[39m [37mPOST[39m [37m/wd/hub/session/af3eef1a-c9a1-4d18-a316-7d34c90dadac/elements[39m
[35m[HTTP][39m [90m{"using":"-android uiautomator","value":"new UiSelector().className(\"android.widget.ImageView\").resourceId(\"id.binar.fp.secondhand:id/navigation_bar_item_icon_view\")"}[39m
[35m[HTTP][39m [37m<-- POST /wd/hub/session/af3eef1a-c9a1-4d18-a316-7d34c90dadac/elements [39m[32m200[39m [90m200 ms - 651[39m
[35m[HTTP][39m [90m[39m
[35m[HTTP][39m [37m-->[39m [37mGET[39m [37m/wd/hub/session/af3eef1a-c9a1-4d18-a316-7d34c90dadac/window/rect[39m
[35m[HTTP][39m [90m{}[39m
[35m[HTTP][39m [37m<-- GET /wd/hub/session/af3eef1a-c9a1-4d18-a316-7d34c90dadac/window/rect [39m[32m200[39m [90m8 ms - 50[39m
[35m[HTTP][39m [90m[39m
[35m[HTTP][39m [37m-->[39m [37mPOST[39m [37m/wd/hub/session/af3eef1a-c9a1-4d18-a316-7d34c90dadac/elements[39m
[35m[HTTP][39m [90m{"using":"xpath","value":"//hierarchy/android.widget.FrameLayout[1]/android.widget.LinearLayout[1]/android.widget.FrameLayout[1]/android.widget.LinearLayout[1]/android.widget.FrameLayout[1]/android.view.ViewGroup[1]/android.view.ViewGroup[1]/android.widget.FrameLayout[1]/android.view.ViewGroup[1]/android.widget.FrameLayout[5]/android.widget.FrameLayout[1]/android.widget.ImageView[1]"}[39m
[35m[HTTP][39m [37m<-- POST /wd/hub/session/af3eef1a-c9a1-4d18-a316-7d34c90dadac/elements [39m[32m200[39m [90m204 ms - 139[39m
[35m[HTTP][39m [90m[39m
[35m[HTTP][39m [37m-->[39m [37mGET[39m [37m/wd/hub/session/af3eef1a-c9a1-4d18-a316-7d34c90dadac/element/00000000-0000-0073-ffff-ffff00000209/location[39m
[35m[HTTP][39m [90m{}[39m
[35m[W3C (af3eef1a)][39m Driver proxy active, passing request on via HTTP proxy
[35m[WD Proxy][39m Replacing sessionId ac76cdac-264d-44f1-b342-2deb125fc953 with af3eef1a-c9a1-4d18-a316-7d34c90dadac
[35m[HTTP][39m [37m<-- GET /wd/hub/session/af3eef1a-c9a1-4d18-a316-7d34c90dadac/element/00000000-0000-0073-ffff-ffff00000209/location [39m[32m200[39m [90m20 ms - 79[39m
[35m[HTTP][39m [90m[39m
[35m[HTTP][39m [37m-->[39m [37mPOST[39m [37m/wd/hub/session/af3eef1a-c9a1-4d18-a316-7d34c90dadac/element/00000000-0000-0073-ffff-ffff00000209/click[39m
[35m[HTTP][39m [90m{"id":"00000000-0000-0073-ffff-ffff00000209"}[39m
[35m[HTTP][39m [37m<-- POST /wd/hub/session/af3eef1a-c9a1-4d18-a316-7d34c90dadac/element/00000000-0000-0073-ffff-ffff00000209/click [39m[32m200[39m [90m1011 ms - 14[39m
[35m[HTTP][39m [90m[39m
[35m[HTTP][39m [37m-->[39m [37mGET[39m [37m/wd/hub/session/af3eef1a-c9a1-4d18-a316-7d34c90dadac/source[39m
[35m[HTTP][39m [90m{}[39m
[35m[W3C (af3eef1a)][39m Driver proxy active, passing request on via HTTP proxy
[35m[WD Proxy][39m Replacing sessionId ac76cdac-264d-44f1-b342-2deb125fc953 with af3eef1a-c9a1-4d18-a316-7d34c90dadac
[35m[HTTP][39m [37m<-- GET /wd/hub/session/af3eef1a-c9a1-4d18-a316-7d34c90dadac/source [39m[32m200[39m [90m35 ms - 20382[39m
[35m[HTTP][39m [90m[39m
[35m[HTTP][39m [37m-->[39m [37mGET[39m [37m/wd/hub/session/af3eef1a-c9a1-4d18-a316-7d34c90dadac/screenshot[39m
[35m[HTTP][39m [90m{}[39m
[35m[HTTP][39m [37m<-- GET /wd/hub/session/af3eef1a-c9a1-4d18-a316-7d34c90dadac/screenshot [39m[32m200[39m [90m231 ms - 99130[39m
[35m[HTTP][39m [90m[39m
[35m[HTTP][39m [37m-->[39m [37mPOST[39m [37m/wd/hub/session/af3eef1a-c9a1-4d18-a316-7d34c90dadac/elements[39m
[35m[HTTP][39m [90m{"using":"xpath","value":"//*[@class = 'android.widget.Button' and (@text = 'Masuk' or . = 'Masuk') and @resource-id = 'id.binar.fp.secondhand:id/btn_login']"}[39m
[35m[HTTP][39m [37m<-- POST /wd/hub/session/af3eef1a-c9a1-4d18-a316-7d34c90dadac/elements [39m[32m200[39m [90m41 ms - 139[39m
[35m[HTTP][39m [90m[39m
[35m[HTTP][39m [37m-->[39m [37mGET[39m [37m/wd/hub/session/af3eef1a-c9a1-4d18-a316-7d34c90dadac/window/rect[39m
[35m[HTTP][39m [90m{}[39m
[35m[HTTP][39m [37m<-- GET /wd/hub/session/af3eef1a-c9a1-4d18-a316-7d34c90dadac/window/rect [39m[32m200[39m [90m6 ms - 50[39m
[35m[HTTP][39m [90m[39m
[35m[HTTP][39m [37m-->[39m [37mPOST[39m [37m/wd/hub/session/af3eef1a-c9a1-4d18-a316-7d34c90dadac/elements[39m
[35m[HTTP][39m [90m{"using":"xpath","value":"//*[@class = 'android.widget.Button' and (@text = 'Masuk' or . = 'Masuk') and @resource-id = 'id.binar.fp.secondhand:id/btn_login']"}[39m
[35m[HTTP][39m [37m<-- POST /wd/hub/session/af3eef1a-c9a1-4d18-a316-7d34c90dadac/elements [39m[32m200[39m [90m38 ms - 139[39m
[35m[HTTP][39m [90m[39m
[35m[HTTP][39m [37m-->[39m [37mGET[39m [37m/wd/hub/session/af3eef1a-c9a1-4d18-a316-7d34c90dadac/element/00000000-0000-0073-ffff-ffff000001e5/location[39m
[35m[HTTP][39m [90m{}[39m
[35m[W3C (af3eef1a)][39m Driver proxy active, passing request on via HTTP proxy
[35m[WD Proxy][39m Replacing sessionId ac76cdac-264d-44f1-b342-2deb125fc953 with af3eef1a-c9a1-4d18-a316-7d34c90dadac
[35m[HTTP][39m [37m<-- GET /wd/hub/session/af3eef1a-c9a1-4d18-a316-7d34c90dadac/element/00000000-0000-0073-ffff-ffff000001e5/location [39m[32m200[39m [90m11 ms - 77[39m
[35m[HTTP][39m [90m[39m
[35m[HTTP][39m [37m-->[39m [37mPOST[39m [37m/wd/hub/session/af3eef1a-c9a1-4d18-a316-7d34c90dadac/element/00000000-0000-0073-ffff-ffff000001e5/click[39m
[35m[HTTP][39m [90m{"id":"00000000-0000-0073-ffff-ffff000001e5"}[39m
[35m[HTTP][39m [37m<-- POST /wd/hub/session/af3eef1a-c9a1-4d18-a316-7d34c90dadac/element/00000000-0000-0073-ffff-ffff000001e5/click [39m[32m200[39m [90m63 ms - 14[39m
[35m[HTTP][39m [90m[39m
[35m[HTTP][39m [37m-->[39m [37mGET[39m [37m/wd/hub/session/af3eef1a-c9a1-4d18-a316-7d34c90dadac/source[39m
[35m[HTTP][39m [90m{}[39m
[35m[W3C (af3eef1a)][39m Driver proxy active, passing request on via HTTP proxy
[35m[WD Proxy][39m Replacing sessionId ac76cdac-264d-44f1-b342-2deb125fc953 with af3eef1a-c9a1-4d18-a316-7d34c90dadac
[35m[HTTP][39m [37m<-- GET /wd/hub/session/af3eef1a-c9a1-4d18-a316-7d34c90dadac/source [39m[32m200[39m [90m770 ms - 11959[39m
[35m[HTTP][39m [90m[39m
[35m[HTTP][39m [37m-->[39m [37mGET[39m [37m/wd/hub/session/af3eef1a-c9a1-4d18-a316-7d34c90dadac/screenshot[39m
[35m[HTTP][39m [90m{}[39m
[35m[HTTP][39m [37m<-- GET /wd/hub/session/af3eef1a-c9a1-4d18-a316-7d34c90dadac/screenshot [39m[32m200[39m [90m200 ms - 96966[39m
[35m[HTTP][39m [90m[39m
[35m[HTTP][39m [37m-->[39m [37mPOST[39m [37m/wd/hub/session/af3eef1a-c9a1-4d18-a316-7d34c90dadac/elements[39m
[35m[HTTP][39m [90m{"using":"xpath","value":"//*[@class = 'android.widget.TextView' and (@text = 'Daftar' or . = 'Daftar') and @resource-id = 'id.binar.fp.secondhand:id/tv_register']"}[39m
[35m[HTTP][39m [37m<-- POST /wd/hub/session/af3eef1a-c9a1-4d18-a316-7d34c90dadac/elements [39m[32m200[39m [90m28 ms - 139[39m
[35m[HTTP][39m [90m[39m
[35m[HTTP][39m [37m-->[39m [37mGET[39m [37m/wd/hub/session/af3eef1a-c9a1-4d18-a316-7d34c90dadac/window/rect[39m
[35m[HTTP][39m [90m{}[39m
[35m[HTTP][39m [37m<-- GET /wd/hub/session/af3eef1a-c9a1-4d18-a316-7d34c90dadac/window/rect [39m[32m200[39m [90m7 ms - 50[39m
[35m[HTTP][39m [90m[39m
[35m[HTTP][39m [37m-->[39m [37mPOST[39m [37m/wd/hub/session/af3eef1a-c9a1-4d18-a316-7d34c90dadac/elements[39m
[35m[HTTP][39m [90m{"using":"xpath","value":"//*[@class = 'android.widget.TextView' and (@text = 'Daftar' or . = 'Daftar') and @resource-id = 'id.binar.fp.secondhand:id/tv_register']"}[39m
[35m[HTTP][39m [37m<-- POST /wd/hub/session/af3eef1a-c9a1-4d18-a316-7d34c90dadac/elements [39m[32m200[39m [90m38 ms - 139[39m
[35m[HTTP][39m [90m[39m
[35m[HTTP][39m [37m-->[39m [37mGET[39m [37m/wd/hub/session/af3eef1a-c9a1-4d18-a316-7d34c90dadac/element/00000000-0000-0082-ffff-ffff0000027d/location[39m
[35m[HTTP][39m [90m{}[39m
[35m[W3C (af3eef1a)][39m Driver proxy active, passing request on via HTTP proxy
[35m[WD Proxy][39m Replacing sessionId ac76cdac-264d-44f1-b342-2deb125fc953 with af3eef1a-c9a1-4d18-a316-7d34c90dadac
[35m[HTTP][39m [37m<-- GET /wd/hub/session/af3eef1a-c9a1-4d18-a316-7d34c90dadac/element/00000000-0000-0082-ffff-ffff0000027d/location [39m[32m200[39m [90m9 ms - 79[39m
[35m[HTTP][39m [90m[39m
[35m[HTTP][39m [37m-->[39m [37mPOST[39m [37m/wd/hub/session/af3eef1a-c9a1-4d18-a316-7d34c90dadac/element/00000000-0000-0082-ffff-ffff0000027d/click[39m
[35m[HTTP][39m [90m{"id":"00000000-0000-0082-ffff-ffff0000027d"}[39m
[35m[HTTP][39m [37m<-- POST /wd/hub/session/af3eef1a-c9a1-4d18-a316-7d34c90dadac/element/00000000-0000-0082-ffff-ffff0000027d/click [39m[32m200[39m [90m73 ms - 14[39m
[35m[HTTP][39m [90m[39m
[35m[HTTP][39m [37m-->[39m [37mGET[39m [37m/wd/hub/session/af3eef1a-c9a1-4d18-a316-7d34c90dadac/source[39m
[35m[HTTP][39m [90m{}[39m
[35m[W3C (af3eef1a)][39m Driver proxy active, passing request on via HTTP proxy
[35m[WD Proxy][39m Replacing sessionId ac76cdac-264d-44f1-b342-2deb125fc953 with af3eef1a-c9a1-4d18-a316-7d34c90dadac
[35m[HTTP][39m [37m<-- GET /wd/hub/session/af3eef1a-c9a1-4d18-a316-7d34c90dadac/source [39m[32m200[39m [90m120 ms - 27628[39m
[35m[HTTP][39m [90m[39m
[35m[HTTP][39m [37m-->[39m [37mGET[39m [37m/wd/hub/session/af3eef1a-c9a1-4d18-a316-7d34c90dadac/screenshot[39m
[35m[HTTP][39m [90m{}[39m
[35m[HTTP][39m [37m<-- GET /wd/hub/session/af3eef1a-c9a1-4d18-a316-7d34c90dadac/screenshot [39m[32m200[39m [90m190 ms - 150090[39m
[35m[HTTP][39m [90m[39m
[35m[HTTP][39m [37m-->[39m [37mPOST[39m [37m/wd/hub/session/af3eef1a-c9a1-4d18-a316-7d34c90dadac/elements[39m
[35m[HTTP][39m [90m{"using":"xpath","value":"//*[@class = 'android.widget.EditText' and (@text = 'Masukkan nama lengkap' or . = 'Masukkan nama lengkap') and @resource-id = 'id.binar.fp.secondhand:id/et_name']"}[39m
[35m[HTTP][39m [37m<-- POST /wd/hub/session/af3eef1a-c9a1-4d18-a316-7d34c90dadac/elements [39m[32m200[39m [90m63 ms - 139[39m
[35m[HTTP][39m [90m[39m
[35m[HTTP][39m [37m-->[39m [37mGET[39m [37m/wd/hub/session/af3eef1a-c9a1-4d18-a316-7d34c90dadac/window/rect[39m
[35m[HTTP][39m [90m{}[39m
[35m[HTTP][39m [37m<-- GET /wd/hub/session/af3eef1a-c9a1-4d18-a316-7d34c90dadac/window/rect [39m[32m200[39m [90m8 ms - 50[39m
[35m[HTTP][39m [90m[39m
[35m[HTTP][39m [37m-->[39m [37mPOST[39m [37m/wd/hub/session/af3eef1a-c9a1-4d18-a316-7d34c90dadac/elements[39m
[35m[HTTP][39m [90m{"using":"xpath","value":"//*[@class = 'android.widget.EditText' and (@text = 'Masukkan nama lengkap' or . = 'Masukkan nama lengkap') and @resource-id = 'id.binar.fp.secondhand:id/et_name']"}[39m
[35m[HTTP][39m [37m<-- POST /wd/hub/session/af3eef1a-c9a1-4d18-a316-7d34c90dadac/elements [39m[32m200[39m [90m42 ms - 139[39m
[35m[HTTP][39m [90m[39m
[35m[HTTP][39m [37m-->[39m [37mGET[39m [37m/wd/hub/session/af3eef1a-c9a1-4d18-a316-7d34c90dadac/element/00000000-0000-0082-ffff-ffff00000289/location[39m
[35m[HTTP][39m [90m{}[39m
[35m[W3C (af3eef1a)][39m Driver proxy active, passing request on via HTTP proxy
[35m[WD Proxy][39m Replacing sessionId ac76cdac-264d-44f1-b342-2deb125fc953 with af3eef1a-c9a1-4d18-a316-7d34c90dadac
[35m[HTTP][39m [37m<-- GET /wd/hub/session/af3eef1a-c9a1-4d18-a316-7d34c90dadac/element/00000000-0000-0082-ffff-ffff00000289/location [39m[32m200[39m [90m8 ms - 77[39m
[35m[HTTP][39m [90m[39m
[35m[HTTP][39m [37m-->[39m [37mPOST[39m [37m/wd/hub/session/af3eef1a-c9a1-4d18-a316-7d34c90dadac/element/00000000-0000-0082-ffff-ffff00000289/clear[39m
[35m[HTTP][39m [90m{"id":"00000000-0000-0082-ffff-ffff00000289"}[39m
[35m[HTTP][39m [37m<-- POST /wd/hub/session/af3eef1a-c9a1-4d18-a316-7d34c90dadac/element/00000000-0000-0082-ffff-ffff00000289/clear [39m[32m200[39m [90m17 ms - 14[39m
[35m[HTTP][39m [90m[39m
[35m[HTTP][39m [37m-->[39m [37mPOST[39m [37m/wd/hub/session/af3eef1a-c9a1-4d18-a316-7d34c90dadac/element/00000000-0000-0082-ffff-ffff00000289/value[39m
[35m[HTTP][39m [90m{"id":"00000000-0000-0082-ffff-ffff00000289","text":"Test","value":["T","e","s","t"]}[39m
[35m[HTTP][39m [37m<-- POST /wd/hub/session/af3eef1a-c9a1-4d18-a316-7d34c90dadac/element/00000000-0000-0082-ffff-ffff00000289/value [39m[32m200[39m [90m1001 ms - 14[39m
[35m[HTTP][39m [90m[39m
[35m[HTTP][39m [37m-->[39m [37mGET[39m [37m/wd/hub/session/af3eef1a-c9a1-4d18-a316-7d34c90dadac/source[39m
[35m[HTTP][39m [90m{}[39m
[35m[W3C (af3eef1a)][39m Driver proxy active, passing request on via HTTP proxy
[35m[WD Proxy][39m Replacing sessionId ac76cdac-264d-44f1-b342-2deb125fc953 with af3eef1a-c9a1-4d18-a316-7d34c90dadac
[35m[HTTP][39m [37m<-- GET /wd/hub/session/af3eef1a-c9a1-4d18-a316-7d34c90dadac/source [39m[32m200[39m [90m60 ms - 27611[39m
[35m[HTTP][39m [90m[39m
[35m[HTTP][39m [37m-->[39m [37mGET[39m [37m/wd/hub/session/af3eef1a-c9a1-4d18-a316-7d34c90dadac/screenshot[39m
[35m[HTTP][39m [90m{}[39m
[35m[HTTP][39m [37m<-- GET /wd/hub/session/af3eef1a-c9a1-4d18-a316-7d34c90dadac/screenshot [39m[32m200[39m [90m177 ms - 143714[39m
[35m[HTTP][39m [90m[39m
[35m[HTTP][39m [37m-->[39m [37mDELETE[39m [37m/wd/hub/session/af3eef1a-c9a1-4d18-a316-7d34c90dadac[39m
[35m[HTTP][39m [90m{}[39m
[35m[Appium][39m Removing session af3eef1a-c9a1-4d18-a316-7d34c90dadac from our master session list
[35m[UiAutomator2][39m Restoring hidden api policy to the device default configuration
[35m[HTTP][39m [37m<-- DELETE /wd/hub/session/af3eef1a-c9a1-4d18-a316-7d34c90dadac [39m[32m200[39m [90m533 ms - 14[39m
[35m[HTTP][39m [90m[39m
